mode: set
github.com/netctrldns/coredns-mikrotik/dedup.go:7.60,9.2 1 1
github.com/netctrldns/coredns-mikrotik/dedup.go:11.59,14.9 3 1
github.com/netctrldns/coredns-mikrotik/dedup.go:14.9,16.3 1 1
github.com/netctrldns/coredns-mikrotik/dedup.go:17.2,18.39 2 1
github.com/netctrldns/coredns-mikrotik/dedup.go:18.39,21.3 2 1
github.com/netctrldns/coredns-mikrotik/dedup.go:22.2,22.13 1 1
github.com/netctrldns/coredns-mikrotik/dedup.go:25.56,27.2 1 1
github.com/netctrldns/coredns-mikrotik/domainlist.go:44.84,46.38 2 1
github.com/netctrldns/coredns-mikrotik/domainlist.go:46.38,48.3 1 1
github.com/netctrldns/coredns-mikrotik/domainlist.go:49.2,49.24 1 1
github.com/netctrldns/coredns-mikrotik/domainlist.go:49.24,53.3 3 1
github.com/netctrldns/coredns-mikrotik/domainlist.go:54.2,54.16 1 1
github.com/netctrldns/coredns-mikrotik/domainlist.go:60.49,61.37 1 1
github.com/netctrldns/coredns-mikrotik/domainlist.go:61.37,63.3 1 1
github.com/netctrldns/coredns-mikrotik/domainlist.go:64.2,69.6 4 1
github.com/netctrldns/coredns-mikrotik/domainlist.go:69.6,70.38 1 1
github.com/netctrldns/coredns-mikrotik/domainlist.go:70.38,72.4 1 1
github.com/netctrldns/coredns-mikrotik/domainlist.go:73.3,74.14 2 1
github.com/netctrldns/coredns-mikrotik/domainlist.go:74.14,76.4 1 1
github.com/netctrldns/coredns-mikrotik/domainlist.go:77.3,77.26 1 1
github.com/netctrldns/coredns-mikrotik/domainlist.go:81.31,82.22 1 1
github.com/netctrldns/coredns-mikrotik/domainlist.go:82.22,84.3 1 1
github.com/netctrldns/coredns-mikrotik/domainlist.go:87.47,89.16 2 1
github.com/netctrldns/coredns-mikrotik/domainlist.go:89.16,91.3 1 1
github.com/netctrldns/coredns-mikrotik/domainlist.go:92.2,96.21 4 1
github.com/netctrldns/coredns-mikrotik/domainlist.go:96.21,98.49 2 1
github.com/netctrldns/coredns-mikrotik/domainlist.go:98.49,99.12 1 1
github.com/netctrldns/coredns-mikrotik/domainlist.go:101.3,102.36 2 1
github.com/netctrldns/coredns-mikrotik/domainlist.go:102.36,104.4 1 1
github.com/netctrldns/coredns-mikrotik/domainlist.go:105.3,105.29 1 1
github.com/netctrldns/coredns-mikrotik/domainlist.go:107.2,107.38 1 1
github.com/netctrldns/coredns-mikrotik/domainlist.go:107.38,109.3 1 0
github.com/netctrldns/coredns-mikrotik/domainlist.go:111.2,114.12 4 1
github.com/netctrldns/coredns-mikrotik/domainlist.go:117.92,119.37 2 1
github.com/netctrldns/coredns-mikrotik/domainlist.go:119.37,121.3 1 1
github.com/netctrldns/coredns-mikrotik/domainlist.go:122.2,125.6 3 1
github.com/netctrldns/coredns-mikrotik/domainlist.go:125.6,126.10 1 1
github.com/netctrldns/coredns-mikrotik/domainlist.go:127.19,129.40 2 1
github.com/netctrldns/coredns-mikrotik/domainlist.go:129.40,131.5 1 0
github.com/netctrldns/coredns-mikrotik/domainlist.go:132.21,133.10 1 1
github.com/netctrldns/coredns-mikrotik/geositerule.go:29.68,31.16 2 1
github.com/netctrldns/coredns-mikrotik/geositerule.go:31.16,33.3 1 0
github.com/netctrldns/coredns-mikrotik/geositerule.go:35.2,36.53 2 1
github.com/netctrldns/coredns-mikrotik/geositerule.go:36.53,38.3 1 1
github.com/netctrldns/coredns-mikrotik/geositerule.go:40.2,42.34 3 1
github.com/netctrldns/coredns-mikrotik/geositerule.go:42.34,43.68 1 1
github.com/netctrldns/coredns-mikrotik/geositerule.go:43.68,45.9 2 1
github.com/netctrldns/coredns-mikrotik/geositerule.go:48.2,48.20 1 1
github.com/netctrldns/coredns-mikrotik/geositerule.go:48.20,50.3 1 1
github.com/netctrldns/coredns-mikrotik/geositerule.go:52.2,57.40 2 1
github.com/netctrldns/coredns-mikrotik/geositerule.go:57.40,59.16 2 1
github.com/netctrldns/coredns-mikrotik/geositerule.go:59.16,60.12 1 0
github.com/netctrldns/coredns-mikrotik/geositerule.go:62.3,62.22 1 1
github.com/netctrldns/coredns-mikrotik/geositerule.go:63.28,65.36 1 1
github.com/netctrldns/coredns-mikrotik/geositerule.go:65.36,67.5 1 1
github.com/netctrldns/coredns-mikrotik/geositerule.go:68.4,68.46 1 1
github.com/netctrldns/coredns-mikrotik/geositerule.go:70.34,73.36 2 1
github.com/netctrldns/coredns-mikrotik/geositerule.go:73.36,75.5 1 1
github.com/netctrldns/coredns-mikrotik/geositerule.go:76.4,76.53 1 1
github.com/netctrldns/coredns-mikrotik/geositerule.go:78.29,80.53 1 1
github.com/netctrldns/coredns-mikrotik/geositerule.go:82.29,83.79 1 0
github.com/netctrldns/coredns-mikrotik/geositerule.go:87.2,87.16 1 1
github.com/netctrldns/coredns-mikrotik/geositerule.go:92.53,93.37 1 1
github.com/netctrldns/coredns-mikrotik/geositerule.go:93.37,95.3 1 0
github.com/netctrldns/coredns-mikrotik/geositerule.go:96.2,103.34 5 1
github.com/netctrldns/coredns-mikrotik/geositerule.go:103.34,105.3 1 1
github.com/netctrldns/coredns-mikrotik/geositerule.go:108.2,109.6 2 1
github.com/netctrldns/coredns-mikrotik/geositerule.go:109.6,110.45 1 1
github.com/netctrldns/coredns-mikrotik/geositerule.go:110.45,112.4 1 1
github.com/netctrldns/coredns-mikrotik/geositerule.go:113.3,114.14 2 1
github.com/netctrldns/coredns-mikrotik/geositerule.go:114.14,115.9 1 1
github.com/netctrldns/coredns-mikrotik/geositerule.go:117.3,117.32 1 1
github.com/netctrldns/coredns-mikrotik/geositerule.go:121.2,121.35 1 1
github.com/netctrldns/coredns-mikrotik/geositerule.go:121.35,122.42 1 1
github.com/netctrldns/coredns-mikrotik/geositerule.go:122.42,124.4 1 1
github.com/netctrldns/coredns-mikrotik/geositerule.go:127.2,127.14 1 1
github.com/netctrldns/coredns-mikrotik/geositerule.go:130.36,130.37 0 1
github.com/netctrldns/coredns-mikrotik/handler.go:12.34,12.55 1 0
github.com/netctrldns/coredns-mikrotik/handler.go:18.97,21.33 2 1
github.com/netctrldns/coredns-mikrotik/handler.go:21.33,22.58 1 1
github.com/netctrldns/coredns-mikrotik/handler.go:22.58,23.12 1 1
github.com/netctrldns/coredns-mikrotik/handler.go:27.3,28.24 2 1
github.com/netctrldns/coredns-mikrotik/handler.go:28.24,30.4 1 1
github.com/netctrldns/coredns-mikrotik/handler.go:32.3,33.17 2 1
github.com/netctrldns/coredns-mikrotik/handler.go:33.17,35.4 1 1
github.com/netctrldns/coredns-mikrotik/handler.go:37.3,37.40 1 1
github.com/netctrldns/coredns-mikrotik/handler.go:37.40,39.4 1 1
github.com/netctrldns/coredns-mikrotik/handler.go:41.3,41.42 1 1
github.com/netctrldns/coredns-mikrotik/handler.go:41.42,43.4 1 0
github.com/netctrldns/coredns-mikrotik/handler.go:45.3,46.32 2 1
github.com/netctrldns/coredns-mikrotik/handler.go:46.32,48.4 1 0
github.com/netctrldns/coredns-mikrotik/handler.go:49.3,49.20 1 1
github.com/netctrldns/coredns-mikrotik/handler.go:53.2,53.35 1 1
github.com/netctrldns/coredns-mikrotik/handler.go:59.69,60.34 1 1
github.com/netctrldns/coredns-mikrotik/handler.go:60.34,63.27 3 1
github.com/netctrldns/coredns-mikrotik/handler.go:64.15,67.22 3 1
github.com/netctrldns/coredns-mikrotik/handler.go:68.18,71.22 3 1
github.com/netctrldns/coredns-mikrotik/handler.go:72.11,73.12 1 1
github.com/netctrldns/coredns-mikrotik/handler.go:75.3,75.31 1 1
github.com/netctrldns/coredns-mikrotik/handler.go:75.31,76.12 1 1
github.com/netctrldns/coredns-mikrotik/handler.go:78.3,78.15 1 1
github.com/netctrldns/coredns-mikrotik/handler.go:78.15,80.4 1 0
github.com/netctrldns/coredns-mikrotik/handler.go:81.3,81.32 1 1
github.com/netctrldns/coredns-mikrotik/handler.go:81.32,82.11 1 1
github.com/netctrldns/coredns-mikrotik/handler.go:83.70,83.70 0 1
github.com/netctrldns/coredns-mikrotik/handler.go:84.12,85.60 1 0
github.com/netctrldns/coredns-mikrotik/routeros.go:21.54,22.12 1 1
github.com/netctrldns/coredns-mikrotik/routeros.go:22.12,24.3 1 1
github.com/netctrldns/coredns-mikrotik/routeros.go:25.2,29.47 5 1
github.com/netctrldns/coredns-mikrotik/routeros.go:35.41,37.34 2 1
github.com/netctrldns/coredns-mikrotik/routeros.go:37.34,39.3 1 1
github.com/netctrldns/coredns-mikrotik/routeros.go:40.2,40.38 1 1
github.com/netctrldns/coredns-mikrotik/routeros.go:45.46,46.15 1 1
github.com/netctrldns/coredns-mikrotik/routeros.go:46.15,48.3 1 1
github.com/netctrldns/coredns-mikrotik/routeros.go:49.2,50.16 2 1
github.com/netctrldns/coredns-mikrotik/routeros.go:50.16,52.3 1 1
github.com/netctrldns/coredns-mikrotik/routeros.go:53.2,53.14 1 1
github.com/netctrldns/coredns-mikrotik/routeros.go:53.14,54.16 1 1
github.com/netctrldns/coredns-mikrotik/routeros.go:54.16,56.4 1 1
github.com/netctrldns/coredns-mikrotik/routeros.go:57.8,58.17 1 1
github.com/netctrldns/coredns-mikrotik/routeros.go:58.17,60.4 1 1
github.com/netctrldns/coredns-mikrotik/routeros.go:62.2,63.16 2 1
github.com/netctrldns/coredns-mikrotik/routeros.go:63.16,65.3 1 0
github.com/netctrldns/coredns-mikrotik/routeros.go:66.2,66.19 1 1
github.com/netctrldns/coredns-mikrotik/routeros.go:72.135,82.16 4 1
github.com/netctrldns/coredns-mikrotik/routeros.go:82.16,84.3 1 0
github.com/netctrldns/coredns-mikrotik/routeros.go:86.2,86.23 1 1
github.com/netctrldns/coredns-mikrotik/routeros.go:86.23,94.55 3 1
github.com/netctrldns/coredns-mikrotik/routeros.go:94.55,96.4 1 0
github.com/netctrldns/coredns-mikrotik/routeros.go:97.3,98.13 2 1
github.com/netctrldns/coredns-mikrotik/routeros.go:102.2,109.19 3 1
github.com/netctrldns/coredns-mikrotik/routeros.go:109.19,111.3 1 0
github.com/netctrldns/coredns-mikrotik/routeros.go:112.2,113.12 2 1
github.com/netctrldns/coredns-mikrotik/setup.go:60.103,61.23 1 1
github.com/netctrldns/coredns-mikrotik/setup.go:61.23,63.3 1 1
github.com/netctrldns/coredns-mikrotik/setup.go:65.2,65.54 1 0
github.com/netctrldns/coredns-mikrotik/setup.go:65.54,67.3 1 0
github.com/netctrldns/coredns-mikrotik/setup.go:68.2,71.18 4 0
github.com/netctrldns/coredns-mikrotik/setup.go:74.13,76.2 1 1
github.com/netctrldns/coredns-mikrotik/setup.go:78.39,80.16 2 0
github.com/netctrldns/coredns-mikrotik/setup.go:80.16,82.3 1 0
github.com/netctrldns/coredns-mikrotik/setup.go:84.2,84.30 1 0
github.com/netctrldns/coredns-mikrotik/setup.go:84.30,86.28 2 0
github.com/netctrldns/coredns-mikrotik/setup.go:86.28,89.4 2 0
github.com/netctrldns/coredns-mikrotik/setup.go:90.3,90.29 1 0
github.com/netctrldns/coredns-mikrotik/setup.go:90.29,93.4 2 0
github.com/netctrldns/coredns-mikrotik/setup.go:97.2,97.28 1 0
github.com/netctrldns/coredns-mikrotik/setup.go:97.28,98.34 1 0
github.com/netctrldns/coredns-mikrotik/setup.go:98.34,99.28 1 0
github.com/netctrldns/coredns-mikrotik/setup.go:99.28,101.5 1 0
github.com/netctrldns/coredns-mikrotik/setup.go:103.3,103.13 1 0
github.com/netctrldns/coredns-mikrotik/setup.go:106.2,106.76 1 0
github.com/netctrldns/coredns-mikrotik/setup.go:106.76,109.3 2 0
github.com/netctrldns/coredns-mikrotik/setup.go:111.2,111.12 1 0
github.com/netctrldns/coredns-mikrotik/setup.go:130.58,156.15 13 1
github.com/netctrldns/coredns-mikrotik/setup.go:156.15,157.21 1 1
github.com/netctrldns/coredns-mikrotik/setup.go:157.21,158.19 1 1
github.com/netctrldns/coredns-mikrotik/setup.go:159.24,161.23 2 1
github.com/netctrldns/coredns-mikrotik/setup.go:161.23,163.6 1 0
github.com/netctrldns/coredns-mikrotik/setup.go:164.5,170.7 1 1
github.com/netctrldns/coredns-mikrotik/setup.go:172.18,174.23 2 1
github.com/netctrldns/coredns-mikrotik/setup.go:174.23,176.6 1 0
github.com/netctrldns/coredns-mikrotik/setup.go:177.5,178.19 2 1
github.com/netctrldns/coredns-mikrotik/setup.go:178.19,180.6 1 0
github.com/netctrldns/coredns-mikrotik/setup.go:181.5,181.23 1 1
github.com/netctrldns/coredns-mikrotik/setup.go:183.17,185.23 2 1
github.com/netctrldns/coredns-mikrotik/setup.go:185.23,187.6 1 0
github.com/netctrldns/coredns-mikrotik/setup.go:188.5,189.38 2 1
github.com/netctrldns/coredns-mikrotik/setup.go:189.38,191.6 1 1
github.com/netctrldns/coredns-mikrotik/setup.go:192.5,192.21 1 1
github.com/netctrldns/coredns-mikrotik/setup.go:194.17,196.23 2 1
github.com/netctrldns/coredns-mikrotik/setup.go:196.23,198.6 1 0
github.com/netctrldns/coredns-mikrotik/setup.go:199.5,200.39 2 1
github.com/netctrldns/coredns-mikrotik/setup.go:200.39,202.6 1 1
github.com/netctrldns/coredns-mikrotik/setup.go:203.5,203.21 1 1
github.com/netctrldns/coredns-mikrotik/setup.go:205.19,207.23 2 1
github.com/netctrldns/coredns-mikrotik/setup.go:207.23,209.6 1 1
github.com/netctrldns/coredns-mikrotik/setup.go:210.5,211.28 2 1
github.com/netctrldns/coredns-mikrotik/setup.go:213.25,215.23 2 1
github.com/netctrldns/coredns-mikrotik/setup.go:215.23,217.6 1 0
github.com/netctrldns/coredns-mikrotik/setup.go:218.5,219.37 2 1
github.com/netctrldns/coredns-mikrotik/setup.go:219.37,221.6 1 1
github.com/netctrldns/coredns-mikrotik/setup.go:223.25,225.23 2 1
github.com/netctrldns/coredns-mikrotik/setup.go:225.23,227.6 1 0
github.com/netctrldns/coredns-mikrotik/setup.go:228.5,229.37 2 1
github.com/netctrldns/coredns-mikrotik/setup.go:229.37,231.6 1 1
github.com/netctrldns/coredns-mikrotik/setup.go:233.24,235.23 2 1
github.com/netctrldns/coredns-mikrotik/setup.go:235.23,237.6 1 0
github.com/netctrldns/coredns-mikrotik/setup.go:238.5,238.30 1 1
github.com/netctrldns/coredns-mikrotik/setup.go:240.19,242.22 2 1
github.com/netctrldns/coredns-mikrotik/setup.go:242.22,244.6 1 0
github.com/netctrldns/coredns-mikrotik/setup.go:245.5,245.30 1 1
github.com/netctrldns/coredns-mikrotik/setup.go:245.30,247.6 1 0
github.com/netctrldns/coredns-mikrotik/setup.go:250.5,256.23 6 1
github.com/netctrldns/coredns-mikrotik/setup.go:256.23,257.21 1 1
github.com/netctrldns/coredns-mikrotik/setup.go:258.27,260.25 2 1
github.com/netctrldns/coredns-mikrotik/setup.go:260.25,262.8 1 0
github.com/netctrldns/coredns-mikrotik/setup.go:263.7,264.10 2 1
github.com/netctrldns/coredns-mikrotik/setup.go:265.27,267.25 2 0
github.com/netctrldns/coredns-mikrotik/setup.go:267.25,269.8 1 0
github.com/netctrldns/coredns-mikrotik/setup.go:270.7,271.10 2 0
github.com/netctrldns/coredns-mikrotik/setup.go:272.19,274.25 2 1
github.com/netctrldns/coredns-mikrotik/setup.go:274.25,276.8 1 0
github.com/netctrldns/coredns-mikrotik/setup.go:277.7,278.40 2 1
github.com/netctrldns/coredns-mikrotik/setup.go:278.40,280.8 1 0
github.com/netctrldns/coredns-mikrotik/setup.go:281.7,282.10 2 1
github.com/netctrldns/coredns-mikrotik/setup.go:283.19,285.25 2 0
github.com/netctrldns/coredns-mikrotik/setup.go:285.25,287.8 1 0
github.com/netctrldns/coredns-mikrotik/setup.go:288.7,289.41 2 0
github.com/netctrldns/coredns-mikrotik/setup.go:289.41,291.8 1 0
github.com/netctrldns/coredns-mikrotik/setup.go:292.7,293.10 2 0
github.com/netctrldns/coredns-mikrotik/setup.go:294.14,295.68 1 0
github.com/netctrldns/coredns-mikrotik/setup.go:299.5,306.7 1 1
github.com/netctrldns/coredns-mikrotik/setup.go:308.18,310.23 2 1
github.com/netctrldns/coredns-mikrotik/setup.go:310.23,312.6 1 0
github.com/netctrldns/coredns-mikrotik/setup.go:313.5,324.43 3 1
github.com/netctrldns/coredns-mikrotik/setup.go:326.19,328.23 2 1
github.com/netctrldns/coredns-mikrotik/setup.go:328.23,330.6 1 0
github.com/netctrldns/coredns-mikrotik/setup.go:331.5,331.20 1 1
github.com/netctrldns/coredns-mikrotik/setup.go:331.20,333.6 1 0
github.com/netctrldns/coredns-mikrotik/setup.go:334.5,335.19 2 1
github.com/netctrldns/coredns-mikrotik/setup.go:335.19,337.6 1 0
github.com/netctrldns/coredns-mikrotik/setup.go:338.5,338.28 1 1
github.com/netctrldns/coredns-mikrotik/setup.go:340.19,342.23 2 1
github.com/netctrldns/coredns-mikrotik/setup.go:342.23,344.6 1 0
github.com/netctrldns/coredns-mikrotik/setup.go:345.5,345.20 1 1
github.com/netctrldns/coredns-mikrotik/setup.go:345.20,347.6 1 1
github.com/netctrldns/coredns-mikrotik/setup.go:348.5,348.34 1 1
github.com/netctrldns/coredns-mikrotik/setup.go:350.12,351.57 1 1
github.com/netctrldns/coredns-mikrotik/setup.go:358.2,358.32 1 1
github.com/netctrldns/coredns-mikrotik/setup.go:358.32,360.27 2 1
github.com/netctrldns/coredns-mikrotik/setup.go:360.27,362.4 1 1
github.com/netctrldns/coredns-mikrotik/setup.go:363.3,364.27 2 1
github.com/netctrldns/coredns-mikrotik/setup.go:364.27,366.4 1 0
github.com/netctrldns/coredns-mikrotik/setup.go:367.3,368.22 2 1
github.com/netctrldns/coredns-mikrotik/setup.go:368.22,370.4 1 1
github.com/netctrldns/coredns-mikrotik/setup.go:371.3,372.22 2 1
github.com/netctrldns/coredns-mikrotik/setup.go:372.22,374.4 1 0
github.com/netctrldns/coredns-mikrotik/setup.go:376.3,376.18 1 1
github.com/netctrldns/coredns-mikrotik/setup.go:377.18,379.18 2 1
github.com/netctrldns/coredns-mikrotik/setup.go:379.18,381.5 1 1
github.com/netctrldns/coredns-mikrotik/setup.go:382.4,389.6 1 1
github.com/netctrldns/coredns-mikrotik/setup.go:390.18,392.18 2 1
github.com/netctrldns/coredns-mikrotik/setup.go:392.18,394.5 1 0
github.com/netctrldns/coredns-mikrotik/setup.go:395.4,402.6 1 1
github.com/netctrldns/coredns-mikrotik/setup.go:406.2,406.47 1 1
github.com/netctrldns/coredns-mikrotik/setup.go:406.47,408.3 1 0
github.com/netctrldns/coredns-mikrotik/setup.go:410.2,410.15 1 1
github.com/netctrldns/coredns-mikrotik/setup.go:414.31,419.6 4 1
github.com/netctrldns/coredns-mikrotik/setup.go:419.6,420.10 1 1
github.com/netctrldns/coredns-mikrotik/setup.go:421.18,425.10 4 1
github.com/netctrldns/coredns-mikrotik/setup.go:426.27,427.46 1 0
github.com/netctrldns/coredns-mikrotik/writer.go:12.74,13.43 1 1
github.com/netctrldns/coredns-mikrotik/writer.go:13.43,16.3 2 1
github.com/netctrldns/coredns-mikrotik/writer.go:17.2,17.48 1 1
github.com/netctrldns/coredns-mikrotik/writer.go:17.48,21.3 3 0
github.com/netctrldns/coredns-mikrotik/writer.go:22.2,23.16 2 1
github.com/netctrldns/coredns-mikrotik/writer.go:23.16,28.3 4 0
github.com/netctrldns/coredns-mikrotik/writer.go:29.2,30.73 2 1
github.com/netctrldns/coredns-mikrotik/writer.go:35.68,36.22 1 1
github.com/netctrldns/coredns-mikrotik/writer.go:36.22,38.3 1 1
github.com/netctrldns/coredns-mikrotik/writer.go:39.2,40.16 2 0
github.com/netctrldns/coredns-mikrotik/writer.go:40.16,42.3 1 0
github.com/netctrldns/coredns-mikrotik/writer.go:43.2,44.12 2 0
github.com/netctrldns/coredns-mikrotik/writer.go:48.39,49.22 1 1
github.com/netctrldns/coredns-mikrotik/writer.go:49.22,52.3 2 0
github.com/netctrldns/coredns-mikrotik/writer.go:57.52,58.6 1 1
github.com/netctrldns/coredns-mikrotik/writer.go:58.6,59.10 1 1
github.com/netctrldns/coredns-mikrotik/writer.go:60.21,61.10 1 0
github.com/netctrldns/coredns-mikrotik/writer.go:62.19,62.19 0 0
github.com/netctrldns/coredns-mikrotik/writer.go:63.11,64.10 1 1
